HelloIOIO/helloIOIO/build/outputs/apk/manifest-merger-debug-report.txt
-- Merging decision tree log ---
manifest
ADDED from AndroidManifest.xml:2:1
	xmlns:android
		ADDED from AndroidManifest.xml:2:11
	package
		ADDED from AndroidManifest.xml:3:52
		INJECTED from AndroidManifest.xml:0:0
		INJECTED from AndroidManifest.xml:0:0
	android:versionName
		ADDED from AndroidManifest.xml:3:26
	android:versionCode
		ADDED from AndroidManifest.xml:3:2
		INJECTED from AndroidManifest.xml:0:0
		INJECTED from AndroidManifest.xml:0:0
uses-sdk
ADDED from AndroidManifest.xml:4:2
	android:targetSdkVersion
		ADDED from AndroidManifest.xml:4:12
		INJECTED from AndroidManifest.xml:0:0
		INJECTED from AndroidManifest.xml:0:0
	android:minSdkVersion
		ADDED from AndroidManifest.xml:4:42
		INJECTED from AndroidManifest.xml:0:0
		INJECTED from AndroidManifest.xml:0:0
application
ADDED from AndroidManifest.xml:5:2
	android:label
		ADDED from AndroidManifest.xml:5:45
	android:icon
		ADDED from AndroidManifest.xml:5:15
uses-library#com.android.future.usb.accessory
ADDED from AndroidManifest.xml:6:3
	android:required
		ADDED from AndroidManifest.xml:7:4
	android:name
		ADDED from AndroidManifest.xml:6:17
activity#ioio.examples.hello.MainActivity
ADDED from AndroidManifest.xml:8:3
	android:label
		ADDED from AndroidManifest.xml:8:13
	android:name
		ADDED from AndroidManifest.xml:8:46
	android:launchMode
		ADDED from AndroidManifest.xml:9:4
intent-filter#android.intent.action.MAIN+android.intent.category.LAUNCHER
ADDED from AndroidManifest.xml:10:4
action#android.intent.action.MAIN
ADDED from AndroidManifest.xml:11:5
	android:name
		ADDED from AndroidManifest.xml:11:13
category#android.intent.category.LAUNCHER
ADDED from AndroidManifest.xml:12:5
	android:name
		ADDED from AndroidManifest.xml:12:15
intent-filter#android.hardware.usb.action.USB_ACCESSORY_ATTACHED
ADDED from AndroidManifest.xml:14:4
action#android.hardware.usb.action.USB_ACCESSORY_ATTACHED
ADDED from AndroidManifest.xml:15:5
	android:name
		ADDED from AndroidManifest.xml:15:13
intent-filter#android.hardware.usb.action.USB_DEVICE_ATTACHED
ADDED from AndroidManifest.xml:17:4
action#android.hardware.usb.action.USB_DEVICE_ATTACHED
ADDED from AndroidManifest.xml:18:5
	android:name
		ADDED from AndroidManifest.xml:18:13
meta-data#android.hardware.usb.action.USB_ACCESSORY_ATTACHED
ADDED from AndroidManifest.xml:20:4
	android:resource
		ADDED from AndroidManifest.xml:21:5
	android:name
		ADDED from AndroidManifest.xml:20:15
meta-data#android.hardware.usb.action.USB_DEVICE_ATTACHED
ADDED from AndroidManifest.xml:22:4
	android:resource
		ADDED from AndroidManifest.xml:23:5
	android:name
		ADDED from AndroidManifest.xml:22:15
uses-permission#android.permission.BLUETOOTH
ADDED from HelloIOIO:iOIOLibBT:unspecified:7:5
	android:name
		ADDED from HelloIOIO:iOIOLibBT:unspecified:7:22
android:uses-permission#android.permission.WRITE_EXTERNAL_STORAGE
IMPLIED from AndroidManifest.xml:2:1 reason: ioio.lib.bluetooth has a targetSdkVersion < 4
android:uses-permission#android.permission.READ_PHONE_STATE
IMPLIED from AndroidManifest.xml:2:1 reason: ioio.lib.bluetooth has a targetSdkVersion < 4
android:uses-permission#android.permission.READ_EXTERNAL_STORAGE
IMPLIED from AndroidManifest.xml:2:1 reason: ioio.lib.bluetooth requested WRITE_EXTERNAL_STORAGE
uses-permission#android.permission.INTERNET
ADDED from HelloIOIO:iOIOLibAndroid:unspecified:7:5
MERGED from HelloIOIO:iOIOLibAndroid:unspecified:7:5
MERGED from HelloIOIO:iOIOLibAndroid:unspecified:7:5
MERGED from HelloIOIO:iOIOLibAndroid:unspecified:7:5
	android:name
		ADDED from HelloIOIO:iOIOLibAndroid:unspecified:7:22
uses-feature#android.hardware.usb.accessory
ADDED from HelloIOIO:iOIOLibAccessory:unspecified:7:5
	android:required
		ADDED from HelloIOIO:iOIOLibAccessory:unspecified:9:9
	android:name
		ADDED from HelloIOIO:iOIOLibAccessory:unspecified:8:9
uses-feature#android.hardware.usb.host
ADDED from HelloIOIO:iOIOLibAndroidDevice:unspecified:7:5
	android:required
		ADDED from HelloIOIO:iOIOLibAndroidDevice:unspecified:9:9
	android:name
		ADDED from HelloIOIO:iOIOLibAndroidDevice:unspecified:8:9